#
# There is insufficient memory for the Java Runtime Environment to continue.
# Native memory allocation (malloc) failed to allocate 32744 bytes for ChunkPool::allocate
# Possible reasons:
#   The system is out of physical RAM or swap space
#   The process is running with CompressedOops enabled, and the Java Heap may be blocking the growth of the native heap
# Possible solutions:
#   Reduce memory load on the system
#   Increase physical memory or swap space
#   Check if swap backing store is full
#   Decrease Java heap size (-Xmx/-Xms)
#   Decrease number of Java threads
#   Decrease Java thread stack sizes (-Xss)
#   Set larger code cache with -XX:ReservedCodeCacheSize=
#   JVM is running with Unscaled Compressed Oops mode in which the Java heap is
#     placed in the first 4GB address space. The Java Heap base address is the
#     maximum limit for the native heap growth. Please use -XX:HeapBaseMinAddress
#     to set the Java Heap base and to place the Java Heap above 4GB virtual address.
# This output file may be truncated or incomplete.
#
#  Out of Memory Error (allocation.cpp:272), pid=28860, tid=0x00000000000064fc
#
# JRE version: Java(TM) SE Runtime Environment (8.0_271-b09) (build 1.8.0_271-b09)
# Java VM: Java HotSpot(TM) 64-Bit Server VM (25.271-b09 mixed mode windows-amd64 compressed oops)
# Failed to write core dump. Minidumps are not enabled by default on client versions of Windows
#

---------------  T H R E A D  ---------------

Current thread (0x0000020f473c1000):  JavaThread "C2 CompilerThread0" daemon [_thread_in_native, id=25852, stack(0x0000003a66f00000,0x0000003a67000000)]

Stack: [0x0000003a66f00000,0x0000003a67000000]
Native frames: (J=compiled Java code, j=interpreted, Vv=VM code, C=native code)
V  [jvm.dll+0x33f6c9]
V  [jvm.dll+0x286122]
V  [jvm.dll+0x286dcd]
V  [jvm.dll+0x27d805]
V  [jvm.dll+0xe5bed]
V  [jvm.dll+0xe5f4c]
V  [jvm.dll+0x4f333e]
V  [jvm.dll+0x447b75]
V  [jvm.dll+0x450c25]
V  [jvm.dll+0x44ffe5]
V  [jvm.dll+0x43aef7]
V  [jvm.dll+0xbc3eb]
V  [jvm.dll+0xbaa4b]
V  [jvm.dll+0x24e7c2]
V  [jvm.dll+0x2a2dcc]
C  [ucrtbase.dll+0x21bb2]
C  [KERNEL32.DLL+0x17034]
C  [ntdll.dll+0x52651]


Current CompileTask:
C2:  11142 5382   !   4       com.sun.beans.TypeResolver::resolve (274 bytes)


---------------  P R O C E S S  ---------------

Java Threads: ( => current thread )
  0x0000020f4e2a3000 JavaThread "Cache worker for Build Output Cleanup Cache (E:\GitHub\eServiceApp\platforms\android\.gradle\buildOutputCleanup)" [_thread_blocked, id=20600, stack(0x0000003a6fe00000,0x0000003a6ff00000)]
  0x0000020f4e2a1000 JavaThread "jar transforms Thread 108" [_thread_blocked, id=3716, stack(0x0000003a6fd00000,0x0000003a6fe00000)]
  0x0000020f4e2a0000 JavaThread "jar transforms Thread 107" [_thread_blocked, id=10900, stack(0x0000003a6fc00000,0x0000003a6fd00000)]
  0x0000020f4e2a2800 JavaThread "jar transforms Thread 106" [_thread_blocked, id=12400, stack(0x0000003a6fb00000,0x0000003a6fc00000)]
  0x0000020f4e298800 JavaThread "jar transforms Thread 105" [_thread_blocked, id=3540, stack(0x0000003a6fa00000,0x0000003a6fb00000)]
  0x0000020f4e29f800 JavaThread "jar transforms Thread 104" [_thread_blocked, id=1100, stack(0x0000003a6f900000,0x0000003a6fa00000)]
  0x0000020f4e29c800 JavaThread "jar transforms Thread 103" [_thread_blocked, id=29224, stack(0x0000003a6f800000,0x0000003a6f900000)]
  0x0000020f4e29e800 JavaThread "jar transforms Thread 102" [_thread_blocked, id=20296, stack(0x0000003a6f700000,0x0000003a6f800000)]
  0x0000020f4e29b800 JavaThread "jar transforms Thread 101" [_thread_blocked, id=28852, stack(0x0000003a6f600000,0x0000003a6f700000)]
  0x0000020f4e295800 JavaThread "jar transforms Thread 100" [_thread_blocked, id=2228, stack(0x0000003a6f500000,0x0000003a6f600000)]
  0x0000020f4e29b000 JavaThread "jar transforms Thread 99" [_thread_blocked, id=29632, stack(0x0000003a6f400000,0x0000003a6f500000)]
  0x0000020f4e297000 JavaThread "jar transforms Thread 98" [_thread_blocked, id=29296, stack(0x0000003a6f300000,0x0000003a6f400000)]
  0x0000020f4e298000 JavaThread "jar transforms Thread 97" [_thread_blocked, id=23360, stack(0x0000003a6f200000,0x0000003a6f300000)]
  0x0000020f4e299800 JavaThread "jar transforms Thread 96" [_thread_blocked, id=19128, stack(0x0000003a6f100000,0x0000003a6f200000)]
  0x0000020f4e296800 JavaThread "jar transforms Thread 95" [_thread_blocked, id=8232, stack(0x0000003a6f000000,0x0000003a6f100000)]
  0x0000020f4e29a000 JavaThread "jar transforms Thread 94" [_thread_blocked, id=11684, stack(0x0000003a6ef00000,0x0000003a6f000000)]
  0x0000020f49ebc800 JavaThread "jar transforms Thread 93" [_thread_blocked, id=28380, stack(0x0000003a6ee00000,0x0000003a6ef00000)]
  0x0000020f49ebc000 JavaThread "jar transforms Thread 92" [_thread_blocked, id=27216, stack(0x0000003a6ed00000,0x0000003a6ee00000)]
  0x0000020f49eba800 JavaThread "jar transforms Thread 91" [_thread_blocked, id=21180, stack(0x0000003a6ec00000,0x0000003a6ed00000)]
  0x0000020f49ebf000 JavaThread "jar transforms Thread 90" [_thread_blocked, id=1852, stack(0x0000003a6eb00000,0x0000003a6ec00000)]
  0x0000020f49ebe000 JavaThread "jar transforms Thread 89" [_thread_blocked, id=27712, stack(0x0000003a6ea00000,0x0000003a6eb00000)]
  0x0000020f49eb9800 JavaThread "jar transforms Thread 88" [_thread_blocked, id=14308, stack(0x0000003a6e900000,0x0000003a6ea00000)]
  0x0000020f49ebd800 JavaThread "jar transforms Thread 87" [_thread_blocked, id=828, stack(0x0000003a6e800000,0x0000003a6e900000)]
  0x0000020f49eb4000 JavaThread "jar transforms Thread 86" [_thread_blocked, id=24476, stack(0x0000003a6e700000,0x0000003a6e800000)]
  0x0000020f49ebb000 JavaThread "jar transforms Thread 85" [_thread_blocked, id=8760, stack(0x0000003a6e600000,0x0000003a6e700000)]
  0x0000020f49eb8000 JavaThread "jar transforms Thread 84" [_thread_blocked, id=10176, stack(0x0000003a6e500000,0x0000003a6e600000)]
  0x0000020f49eb6800 JavaThread "jar transforms Thread 83" [_thread_blocked, id=20112, stack(0x0000003a6e400000,0x0000003a6e500000)]
  0x0000020f49eb5800 JavaThread "jar transforms Thread 82" [_thread_blocked, id=23372, stack(0x0000003a6e300000,0x0000003a6e400000)]
  0x0000020f49eb9000 JavaThread "jar transforms Thread 81" [_thread_blocked, id=11184, stack(0x0000003a6e200000,0x0000003a6e300000)]
  0x0000020f49eb5000 JavaThread "jar transforms Thread 80" [_thread_blocked, id=13200, stack(0x0000003a6e100000,0x0000003a6e200000)]
  0x0000020f49eb1000 JavaThread "jar transforms Thread 79" [_thread_blocked, id=8860, stack(0x0000003a6e000000,0x0000003a6e100000)]
  0x0000020f49eb3800 JavaThread "jar transforms Thread 78" [_thread_blocked, id=6000, stack(0x0000003a6df00000,0x0000003a6e000000)]
  0x0000020f49eb2800 JavaThread "jar transforms Thread 77" [_thread_blocked, id=22148, stack(0x0000003a6de00000,0x0000003a6df00000)]
  0x0000020f49eb7800 JavaThread "jar transforms Thread 76" [_thread_blocked, id=7236, stack(0x0000003a6dd00000,0x0000003a6de00000)]
  0x0000020f49eb2000 JavaThread "jar transforms Thread 75" [_thread_blocked, id=19064, stack(0x0000003a6dc00000,0x0000003a6dd00000)]
  0x0000020f49eaf800 JavaThread "jar transforms Thread 74" [_thread_blocked, id=28544, stack(0x0000003a6db00000,0x0000003a6dc00000)]
  0x0000020f49eb0800 JavaThread "jar transforms Thread 73" [_thread_blocked, id=14552, stack(0x0000003a6da00000,0x0000003a6db00000)]
  0x0000020f49ad9000 JavaThread "jar transforms Thread 72" [_thread_blocked, id=8180, stack(0x0000003a6d900000,0x0000003a6da00000)]
  0x0000020f49ad8000 JavaThread "jar transforms Thread 71" [_thread_blocked, id=6612, stack(0x0000003a6d800000,0x0000003a6d900000)]
  0x0000020f49ad0800 JavaThread "jar transforms Thread 70" [_thread_blocked, id=29256, stack(0x0000003a6d700000,0x0000003a6d800000)]
  0x0000020f49ad7800 JavaThread "jar transforms Thread 69" [_thread_blocked, id=14472, stack(0x0000003a6d600000,0x0000003a6d700000)]
  0x0000020f49acf800 JavaThread "jar transforms Thread 68" [_thread_blocked, id=1488, stack(0x0000003a6d500000,0x0000003a6d600000)]
  0x0000020f49ad3800 JavaThread "jar transforms Thread 67" [_thread_blocked, id=12660, stack(0x0000003a6d400000,0x0000003a6d500000)]
  0x0000020f49ad6800 JavaThread "jar transforms Thread 66" [_thread_blocked, id=21536, stack(0x0000003a6d300000,0x0000003a6d400000)]
  0x0000020f49ad6000 JavaThread "jar transforms Thread 65" [_thread_blocked, id=29072, stack(0x0000003a6d200000,0x0000003a6d300000)]
  0x0000020f49ad2800 JavaThread "jar transforms Thread 64" [_thread_blocked, id=9576, stack(0x0000003a6d100000,0x0000003a6d200000)]
  0x0000020f49ad4800 JavaThread "jar transforms Thread 63" [_thread_blocked, id=18016, stack(0x0000003a6d000000,0x0000003a6d100000)]
  0x0000020f49ad2000 JavaThread "jar transforms Thread 62" [_thread_blocked, id=13484, stack(0x0000003a6cf00000,0x0000003a6d000000)]
  0x0000020f49ad5000 JavaThread "jar transforms Thread 61" [_thread_blocked, id=2024, stack(0x0000003a6ce00000,0x0000003a6cf00000)]
  0x0000020f49aca800 JavaThread "jar transforms Thread 60" [_thread_blocked, id=28124, stack(0x0000003a6cd00000,0x0000003a6ce00000)]
  0x0000020f49acf000 JavaThread "jar transforms Thread 59" [_thread_blocked, id=22576, stack(0x0000003a6cc00000,0x0000003a6cd00000)]
  0x0000020f49ad1000 JavaThread "jar transforms Thread 58" [_thread_blocked, id=28644, stack(0x0000003a6cb00000,0x0000003a6cc00000)]
  0x0000020f49ac9800 JavaThread "jar transforms Thread 57" [_thread_blocked, id=23212, stack(0x0000003a6ca00000,0x0000003a6cb00000)]
  0x0000020f49ace000 JavaThread "jar transforms Thread 56" [_thread_blocked, id=25832, stack(0x0000003a6c900000,0x0000003a6ca00000)]
  0x0000020f49acc000 JavaThread "jar transforms Thread 55" [_thread_blocked, id=12300, stack(0x0000003a6c800000,0x0000003a6c900000)]
  0x0000020f49acc800 JavaThread "jar transforms Thread 54" [_thread_blocked, id=28988, stack(0x0000003a6c700000,0x0000003a6c800000)]
  0x0000020f49acd800 JavaThread "jar transforms Thread 53" [_thread_blocked, id=12688, stack(0x0000003a6c600000,0x0000003a6c700000)]
  0x0000020f49acb000 JavaThread "jar transforms Thread 52" [_thread_blocked, id=27308, stack(0x0000003a6c500000,0x0000003a6c600000)]
  0x0000020f49eed800 JavaThread "jar transforms Thread 51" [_thread_blocked, id=17908, stack(0x0000003a6c400000,0x0000003a6c500000)]
  0x0000020f49eec800 JavaThread "jar transforms Thread 50" [_thread_blocked, id=24692, stack(0x0000003a6c300000,0x0000003a6c400000)]
  0x0000020f49eea800 JavaThread "jar transforms Thread 49" [_thread_blocked, id=760, stack(0x0000003a6c200000,0x0000003a6c300000)]
  0x0000020f49ee9800 JavaThread "jar transforms Thread 48" [_thread_blocked, id=18500, stack(0x0000003a6c100000,0x0000003a6c200000)]
  0x0000020f49ee9000 JavaThread "jar transforms Thread 47" [_thread_blocked, id=26628, stack(0x0000003a6c000000,0x0000003a6c100000)]
  0x0000020f49ee8000 JavaThread "jar transforms Thread 46" [_thread_blocked, id=14420, stack(0x0000003a6bf00000,0x0000003a6c000000)]
  0x0000020f49eef000 JavaThread "jar transforms Thread 45" [_thread_blocked, id=22844, stack(0x0000003a6be00000,0x0000003a6bf00000)]
  0x0000020f49eee000 JavaThread "jar transforms Thread 44" [_thread_blocked, id=17140, stack(0x0000003a6bd00000,0x0000003a6be00000)]
  0x0000020f49eec000 JavaThread "jar transforms Thread 43" [_thread_blocked, id=21472, stack(0x0000003a6bc00000,0x0000003a6bd00000)]
  0x0000020f49ee7000 JavaThread "jar transforms Thread 42" [_thread_blocked, id=10748, stack(0x0000003a6bb00000,0x0000003a6bc00000)]
  0x0000020f49eeb000 JavaThread "jar transforms Thread 41" [_thread_blocked, id=18244, stack(0x0000003a6ba00000,0x0000003a6bb00000)]
  0x0000020f49edf800 JavaThread "jar transforms Thread 40" [_thread_blocked, id=27656, stack(0x0000003a6b900000,0x0000003a6ba00000)]
  0x0000020f49ee0800 JavaThread "jar transforms Thread 39" [_thread_blocked, id=25440, stack(0x0000003a6b800000,0x0000003a6b900000)]
  0x0000020f49ee6800 JavaThread "jar transforms Thread 38" [_thread_blocked, id=13596, stack(0x0000003a6b700000,0x0000003a6b800000)]
  0x0000020f49ee5800 JavaThread "jar transforms Thread 37" [_thread_blocked, id=14640, stack(0x0000003a6b600000,0x0000003a6b700000)]
  0x0000020f49ee4000 JavaThread "jar transforms Thread 36" [_thread_blocked, id=10672, stack(0x0000003a6b500000,0x0000003a6b600000)]
  0x0000020f49ee1000 JavaThread "jar transforms Thread 35" [_thread_blocked, id=19932, stack(0x0000003a6b400000,0x0000003a6b500000)]
  0x0000020f49ee2800 JavaThread "jar transforms Thread 34" [_thread_blocked, id=3652, stack(0x0000003a6b300000,0x0000003a6b400000)]
  0x0000020f49ee5000 JavaThread "jar transforms Thread 33" [_thread_blocked, id=27344, stack(0x0000003a6b200000,0x0000003a6b300000)]
  0x0000020f49ee3800 JavaThread "jar transforms Thread 32" [_thread_blocked, id=28344, stack(0x0000003a6b100000,0x0000003a6b200000)]
  0x0000020f49ee2000 JavaThread "jar transforms Thread 31" [_thread_blocked, id=28376, stack(0x0000003a6b000000,0x0000003a6b100000)]
  0x0000020f49ddd000 JavaThread "jar transforms Thread 30" [_thread_blocked, id=19516, stack(0x0000003a6af00000,0x0000003a6b000000)]
  0x0000020f49ddc800 JavaThread "jar transforms Thread 29" [_thread_blocked, id=9928, stack(0x0000003a6ae00000,0x0000003a6af00000)]
  0x0000020f49ddb800 JavaThread "jar transforms Thread 28" [_thread_blocked, id=16332, stack(0x0000003a6ad00000,0x0000003a6ae00000)]
  0x0000020f49dda000 JavaThread "jar transforms Thread 27" [_thread_blocked, id=17424, stack(0x0000003a6ac00000,0x0000003a6ad00000)]
  0x0000020f49dd9800 JavaThread "jar transforms Thread 26" [_thread_blocked, id=26236, stack(0x0000003a6ab00000,0x0000003a6ac00000)]
  0x0000020f49dd8800 JavaThread "jar transforms Thread 25" [_thread_blocked, id=21008, stack(0x0000003a6aa00000,0x0000003a6ab00000)]
  0x0000020f49ddb000 JavaThread "jar transforms Thread 24" [_thread_blocked, id=16636, stack(0x0000003a6a900000,0x0000003a6aa00000)]
  0x0000020f49dde800 JavaThread "jar transforms Thread 23" [_thread_blocked, id=28252, stack(0x0000003a6a800000,0x0000003a6a900000)]
  0x0000020f49dde000 JavaThread "jar transforms Thread 22" [_thread_blocked, id=28500, stack(0x0000003a6a700000,0x0000003a6a800000)]
  0x0000020f49ddf800 JavaThread "jar transforms Thread 21" [_thread_blocked, id=29672, stack(0x0000003a6a600000,0x0000003a6a700000)]
  0x0000020f49dd1000 JavaThread "jar transforms Thread 20" [_thread_blocked, id=22480, stack(0x0000003a6a500000,0x0000003a6a600000)]
  0x0000020f49dd8000 JavaThread "jar transforms Thread 19" [_thread_blocked, id=16812, stack(0x0000003a6a400000,0x0000003a6a500000)]
  0x0000020f49dd7000 JavaThread "jar transforms Thread 18" [_thread_blocked, id=20708, stack(0x0000003a6a300000,0x0000003a6a400000)]
  0x0000020f49dd6800 JavaThread "jar transforms Thread 17" [_thread_blocked, id=26896, stack(0x0000003a6a200000,0x0000003a6a300000)]
  0x0000020f49dd5800 JavaThread "jar transforms Thread 16" [_thread_blocked, id=9252, stack(0x0000003a6a100000,0x0000003a6a200000)]
  0x0000020f49dd0800 JavaThread "jar transforms Thread 15" [_thread_blocked, id=25016, stack(0x0000003a6a000000,0x0000003a6a100000)]
  0x0000020f49dd4000 JavaThread "jar transforms Thread 14" [_thread_blocked, id=25404, stack(0x0000003a69f00000,0x0000003a6a000000)]
  0x0000020f49dd2000 JavaThread "jar transforms Thread 13" [_thread_blocked, id=28956, stack(0x0000003a69e00000,0x0000003a69f00000)]
  0x0000020f49dd5000 JavaThread "jar transforms Thread 12" [_thread_blocked, id=27072, stack(0x0000003a69d00000,0x0000003a69e00000)]
  0x0000020f49dd3800 JavaThread "jar transforms Thread 11" [_thread_blocked, id=1320, stack(0x0000003a69c00000,0x0000003a69d00000)]
  0x0000020f49dd2800 JavaThread "jar transforms Thread 10" [_thread_blocked, id=12012, stack(0x0000003a69b00000,0x0000003a69c00000)]
  0x0000020f4a39f000 JavaThread "jar transforms Thread 9" [_thread_blocked, id=18572, stack(0x0000003a69a00000,0x0000003a69b00000)]
  0x0000020f4a39e800 JavaThread "jar transforms Thread 8" [_thread_blocked, id=14684, stack(0x0000003a69900000,0x0000003a69a00000)]
  0x0000020f4a3a0800 JavaThread "jar transforms Thread 7" [_thread_blocked, id=25764, stack(0x0000003a69800000,0x0000003a69900000)]
  0x0000020f4a3a0000 JavaThread "jar transforms Thread 6" [_thread_blocked, id=25084, stack(0x0000003a69700000,0x0000003a69800000)]
  0x0000020f4a39d800 JavaThread "Build operations Thread 8" [_thread_blocked, id=19696, stack(0x0000003a69600000,0x0000003a69700000)]
  0x0000020f4a39d000 JavaThread "Build operations Thread 7" [_thread_blocked, id=19216, stack(0x0000003a69500000,0x0000003a69600000)]
  0x0000020f4a395800 JavaThread "Build operations Thread 6" [_thread_blocked, id=29288, stack(0x0000003a69400000,0x0000003a69500000)]
  0x0000020f4a39c000 JavaThread "Build operations Thread 5" [_thread_blocked, id=29040, stack(0x0000003a69300000,0x0000003a69400000)]
  0x0000020f4a397800 JavaThread "Build operations Thread 4" [_thread_blocked, id=18452, stack(0x0000003a69200000,0x0000003a69300000)]
  0x0000020f4a39a000 JavaThread "Build operations Thread 3" [_thread_blocked, id=28464, stack(0x0000003a69100000,0x0000003a69200000)]
  0x0000020f4a394800 JavaThread "Build operations Thread 2" [_thread_blocked, id=26140, stack(0x0000003a69000000,0x0000003a69100000)]
  0x0000020f4a39a800 JavaThread "Build operations" [_thread_blocked, id=21140, stack(0x0000003a68f00000,0x0000003a69000000)]
  0x0000020f4a398800 JavaThread "Cache worker for file content cache (C:\Users\mongk\.gradle\caches\6.5\fileContent)" [_thread_blocked, id=19068, stack(0x0000003a68e00000,0x0000003a68f00000)]
  0x0000020f4a391800 JavaThread "Cache worker for execution history cache (C:\Users\mongk\.gradle\caches\6.5\executionHistory)" [_thread_blocked, id=29436, stack(0x0000003a68d00000,0x0000003a68e00000)]
  0x0000020f4a392800 JavaThread "Cache worker for cache directory md-rule (C:\Users\mongk\.gradle\caches\6.5\md-rule)" [_thread_blocked, id=9456, stack(0x0000003a68c00000,0x0000003a68d00000)]
  0x0000020f4a393000 JavaThread "Cache worker for cache directory md-supplier (C:\Users\mongk\.gradle\caches\6.5\md-supplier)" [_thread_blocked, id=18296, stack(0x0000003a68b00000,0x0000003a68c00000)]
  0x0000020f4a396000 JavaThread "Cache worker for checksums cache (E:\GitHub\eServiceApp\platforms\android\.gradle\checksums)" [_thread_blocked, id=28928, stack(0x0000003a68a00000,0x0000003a68b00000)]
  0x0000020f4a394000 JavaThread "jar transforms Thread 5" [_thread_blocked, id=11920, stack(0x0000003a68900000,0x0000003a68a00000)]
  0x0000020f495a9800 JavaThread "jar transforms Thread 4" [_thread_blocked, id=9940, stack(0x0000003a68800000,0x0000003a68900000)]
  0x0000020f495ad000 JavaThread "jar transforms Thread 3" [_thread_blocked, id=25888, stack(0x0000003a68700000,0x0000003a68800000)]
  0x0000020f495ac800 JavaThread "jar transforms Thread 2" [_thread_blocked, id=29552, stack(0x0000003a68600000,0x0000003a68700000)]
  0x0000020f495ab800 JavaThread "jar transforms" [_thread_blocked, id=12180, stack(0x0000003a68500000,0x0000003a68600000)]
  0x0000020f495ab000 JavaThread "Cache worker for file hash cache (E:\GitHub\eServiceApp\platforms\android\.gradle\6.5\fileHashes)" [_thread_blocked, id=19720, stack(0x0000003a68400000,0x0000003a68500000)]
  0x0000020f495a8800 JavaThread "Cache worker for file hash cache (C:\Users\mongk\.gradle\caches\6.5\fileHashes)" [_thread_blocked, id=19244, stack(0x0000003a68300000,0x0000003a68400000)]
  0x0000020f495aa000 JavaThread "File lock request listener" [_thread_in_native, id=18344, stack(0x0000003a68200000,0x0000003a68300000)]
  0x0000020f495a8000 JavaThread "Cache worker for journal cache (C:\Users\mongk\.gradle\caches\journal-1)" [_thread_blocked, id=2688, stack(0x0000003a68100000,0x0000003a68200000)]
  0x0000020f495ae000 JavaThread "Thread-9" [_thread_blocked, id=16296, stack(0x0000003a68000000,0x0000003a68100000)]
  0x0000020f4b04e800 JavaThread "Stdin handler" [_thread_blocked, id=23324, stack(0x0000003a67f00000,0x0000003a68000000)]
  0x0000020f4b06d000 JavaThread "Asynchronous log dispatcher for DefaultDaemonConnection: socket connection from /127.0.0.1:52901 to /127.0.0.1:52902" [_thread_blocked, id=20012, stack(0x0000003a67e00000,0x0000003a67f00000)]
  0x0000020f4b048800 JavaThread "Daemon worker" [_thread_blocked, id=16880, stack(0x0000003a67d00000,0x0000003a67e00000)]
  0x0000020f4b071800 JavaThread "Cancel handler" [_thread_blocked, id=11888, stack(0x0000003a67c00000,0x0000003a67d00000)]
  0x0000020f4a3ff800 JavaThread "Handler for socket connection from /127.0.0.1:52901 to /127.0.0.1:52902" [_thread_in_native, id=28020, stack(0x0000003a67b00000,0x0000003a67c00000)]
  0x0000020f4a3fe000 JavaThread "Daemon" [_thread_blocked, id=15616, stack(0x0000003a67a00000,0x0000003a67b00000)]
  0x0000020f4afe1000 JavaThread "Daemon periodic checks" [_thread_blocked, id=22688, stack(0x0000003a67900000,0x0000003a67a00000)]
  0x0000020f4afeb800 JavaThread "Incoming local TCP Connector on port 52901" [_thread_in_native, id=872, stack(0x0000003a67800000,0x0000003a67900000)]
  0x0000020f4af2b000 JavaThread "Daemon health stats" [_thread_blocked, id=18440, stack(0x0000003a67500000,0x0000003a67600000)]
  0x0000020f4924b800 JavaThread "Service Thread" daemon [_thread_blocked, id=12588, stack(0x0000003a67300000,0x0000003a67400000)]
  0x0000020f47413000 JavaThread "C1 CompilerThread3" daemon [_thread_blocked, id=22244, stack(0x0000003a67200000,0x0000003a67300000)]
  0x0000020f473c6800 JavaThread "C2 CompilerThread2" daemon [_thread_in_native, id=23116, stack(0x0000003a67100000,0x0000003a67200000)]
  0x0000020f473c2800 JavaThread "C2 CompilerThread1" daemon [_thread_in_native, id=23432, stack(0x0000003a67000000,0x0000003a67100000)]
=>0x0000020f473c1000 JavaThread "C2 CompilerThread0" daemon [_thread_in_native, id=25852, stack(0x0000003a66f00000,0x0000003a67000000)]
  0x0000020f4740b800 JavaThread "Attach Listener" daemon [_thread_blocked, id=28272, stack(0x0000003a66e00000,0x0000003a66f00000)]
  0x0000020f473b0800 JavaThread "Signal Dispatcher" daemon [_thread_blocked, id=25996, stack(0x0000003a66d00000,0x0000003a66e00000)]
  0x0000020f47394000 JavaThread "Finalizer" daemon [_thread_blocked, id=5872, stack(0x0000003a66c00000,0x0000003a66d00000)]
  0x0000020f4738b000 JavaThread "Reference Handler" daemon [_thread_blocked, id=11156, stack(0x0000003a66b00000,0x0000003a66c00000)]
  0x0000020f31048000 JavaThread "main" [_thread_blocked, id=1068, stack(0x0000003a66100000,0x0000003a66200000)]

Other Threads:
  0x0000020f47362800 VMThread [stack: 0x0000003a66a00000,0x0000003a66b00000] [id=23836]
  0x0000020f4926b800 WatcherThread [stack: 0x0000003a67400000,0x0000003a67500000] [id=27832]

VM state:at safepoint (normal execution)

VM Mutex/Monitor currently owned by a thread:  ([mutex/lock_event])
[0x0000020f31044d30] Threads_lock - owner thread: 0x0000020f47362800
[0x0000020f310446b0] Heap_lock - owner thread: 0x0000020f4b048800

heap address: 0x0000000080000000, size: 2048 MB, Compressed Oops mode: 32-bit
Narrow klass base: 0x0000000000000000, Narrow klass shift: 3
Compressed class space size: 1073741824 Address: 0x0000000100000000

Heap:
 PSYoungGen      total 126976K, used 126945K [0x00000000d5580000, 0x00000000dde80000, 0x0000000100000000)
  eden space 113664K, 100% used [0x00000000d5580000,0x00000000dc480000,0x00000000dc480000)
  from space 13312K, 99% used [0x00000000dc480000,0x00000000dd178648,0x00000000dd180000)
  to   space 12288K, 73% used [0x00000000dd280000,0x00000000ddb64100,0x00000000dde80000)
 ParOldGen       total 86016K, used 17784K [0x0000000080000000, 0x0000000085400000, 0x00000000d5580000)
  object space 86016K, 20% used [0x0000000080000000,0x000000008115e010,0x0000000085400000)
 Metaspace       used 54197K, capacity 56960K, committed 57216K, reserved 1099776K
  class space    used 7431K, capacity 8002K, committed 8064K, reserved 1048576K

Card table byte_map: [0x0000020f41e30000,0x0000020f42240000] byte_map_base: 0x0000020f41a30000

Marking Bits: (ParMarkBitMap*) 0x0000000051aa7fe0
 Begin Bits: [0x0000020f424f0000, 0x0000020f444f0000)
 End Bits:   [0x0000020f444f0000, 0x0000020f464f0000)

Polling page: 0x0000020f31170000

CodeCache: size=245760Kb used=17351Kb max_used=17351Kb free=228408Kb
 bounds [0x0000020f32a70000, 0x0000020f33b70000, 0x0000020f41a70000]
 total_blobs=5864 nmethods=5091 adapters=684
 compilation: enabled

Compilation events (10 events):
Event: 10.852 Thread 0x0000020f47413000 nmethod 5525 0x0000020f33b34250 code [0x0000020f33b343c0, 0x0000020f33b34618]
Event: 10.852 Thread 0x0000020f47413000 5526       3       jdk.internal.org.objectweb.asm.MethodVisitor::visitCode (15 bytes)
Event: 10.853 Thread 0x0000020f47413000 nmethod 5526 0x0000020f33b34710 code [0x0000020f33b34880, 0x0000020f33b34af0]
Event: 10.853 Thread 0x0000020f47413000 5527   !   3       com.sun.org.apache.xerces.internal.utils.SecuritySupport::readJAXPProperty (171 bytes)
Event: 11.062 Thread 0x0000020f47413000 nmethod 5527 0x0000020f33b34b90 code [0x0000020f33b34f60, 0x0000020f33b37110]
Event: 11.063 Thread 0x0000020f47413000 5528       3       java.lang.invoke.LambdaForm$DMH/951007336::invokeStatic_L6_L (24 bytes)
Event: 11.063 Thread 0x0000020f47413000 nmethod 5528 0x0000020f33b384d0 code [0x0000020f33b38660, 0x0000020f33b38c20]
Event: 11.075 Thread 0x0000020f47413000 5529       3       java.security.ProtectionDomain::<init> (99 bytes)
Event: 11.076 Thread 0x0000020f47413000 nmethod 5529 0x0000020f33b39050 code [0x0000020f33b39200, 0x0000020f33b39b90]
Event: 11.077 Thread 0x0000020f47413000 5530       3       org.gradle.internal.instantiation.generator.AsmBackedClassGenerator$ClassBuilderImpl::addActionMethod (264 bytes)

GC Heap History (10 events):
Event: 4.698 GC heap before
{Heap before GC invocations=7 (full 1):
 PSYoungGen      total 75776K, used 71782K [0x00000000d5580000, 0x00000000ddf00000, 0x0000000100000000)
  eden space 65024K, 100% used [0x00000000d5580000,0x00000000d9500000,0x00000000d9500000)
  from space 10752K, 62% used [0x00000000d9500000,0x00000000d9b99bb8,0x00000000d9f80000)
  to   space 12800K, 0% used [0x00000000dd280000,0x00000000dd280000,0x00000000ddf00000)
 ParOldGen       total 86016K, used 6977K [0x0000000080000000, 0x0000000085400000, 0x00000000d5580000)
  object space 86016K, 8% used [0x0000000080000000,0x00000000806d05e0,0x0000000085400000)
 Metaspace       used 33061K, capacity 34116K, committed 34432K, reserved 1079296K
  class space    used 4612K, capacity 4877K, committed 4992K, reserved 1048576K
Event: 4.704 GC heap after
Heap after GC invocations=7 (full 1):
 PSYoungGen      total 125952K, used 9959K [0x00000000d5580000, 0x00000000dde80000, 0x0000000100000000)
  eden space 113664K, 0% used [0x00000000d5580000,0x00000000d5580000,0x00000000dc480000)
  from space 12288K, 81% used [0x00000000dd280000,0x00000000ddc39dd0,0x00000000dde80000)
  to   space 13312K, 0% used [0x00000000dc480000,0x00000000dc480000,0x00000000dd180000)
 ParOldGen       total 86016K, used 6985K [0x0000000080000000, 0x0000000085400000, 0x00000000d5580000)
  object space 86016K, 8% used [0x0000000080000000,0x00000000806d25e0,0x0000000085400000)
 Metaspace       used 33061K, capacity 34116K, committed 34432K, reserved 1079296K
  class space    used 4612K, capacity 4877K, committed 4992K, reserved 1048576K
}
Event: 4.891 GC heap before
{Heap before GC invocations=8 (full 1):
 PSYoungGen      total 125952K, used 46337K [0x00000000d5580000, 0x00000000dde80000, 0x0000000100000000)
  eden space 113664K, 32% used [0x00000000d5580000,0x00000000d79066e8,0x00000000dc480000)
  from space 12288K, 81% used [0x00000000dd280000,0x00000000ddc39dd0,0x00000000dde80000)
  to   space 13312K, 0% used [0x00000000dc480000,0x00000000dc480000,0x00000000dd180000)
 ParOldGen       total 86016K, used 6985K [0x0000000080000000, 0x0000000085400000, 0x00000000d5580000)
  object space 86016K, 8% used [0x0000000080000000,0x00000000806d25e0,0x0000000085400000)
 Metaspace       used 34317K, capacity 35392K, committed 35496K, reserved 1079296K
  class space    used 4823K, capacity 5094K, committed 5120K, reserved 1048576K
Event: 4.900 GC heap after
Heap after GC invocations=8 (full 1):
 PSYoungGen      total 126976K, used 8781K [0x00000000d5580000, 0x00000000dde80000, 0x0000000100000000)
  eden space 113664K, 0% used [0x00000000d5580000,0x00000000d5580000,0x00000000dc480000)
  from space 13312K, 65% used [0x00000000dc480000,0x00000000dcd13450,0x00000000dd180000)
  to   space 12288K, 0% used [0x00000000dd280000,0x00000000dd280000,0x00000000dde80000)
 ParOldGen       total 86016K, used 6993K [0x0000000080000000, 0x0000000085400000, 0x00000000d5580000)
  object space 86016K, 8% used [0x0000000080000000,0x00000000806d45e0,0x0000000085400000)
 Metaspace       used 34317K, capacity 35392K, committed 35496K, reserved 1079296K
  class space    used 4823K, capacity 5094K, committed 5120K, reserved 1048576K
}
Event: 4.900 GC heap before
{Heap before GC invocations=9 (full 2):
 PSYoungGen      total 126976K, used 8781K [0x00000000d5580000, 0x00000000dde80000, 0x0000000100000000)
  eden space 113664K, 0% used [0x00000000d5580000,0x00000000d5580000,0x00000000dc480000)
  from space 13312K, 65% used [0x00000000dc480000,0x00000000dcd13450,0x00000000dd180000)
  to   space 12288K, 0% used [0x00000000dd280000,0x00000000dd280000,0x00000000dde80000)
 ParOldGen       total 86016K, used 6993K [0x0000000080000000, 0x0000000085400000, 0x00000000d5580000)
  object space 86016K, 8% used [0x0000000080000000,0x00000000806d45e0,0x0000000085400000)
 Metaspace       used 34317K, capacity 35392K, committed 35496K, reserved 1079296K
  class space    used 4823K, capacity 5094K, committed 5120K, reserved 1048576K
Event: 4.978 GC heap after
Heap after GC invocations=9 (full 2):
 PSYoungGen      total 126976K, used 0K [0x00000000d5580000, 0x00000000dde80000, 0x0000000100000000)
  eden space 113664K, 0% used [0x00000000d5580000,0x00000000d5580000,0x00000000dc480000)
  from space 13312K, 0% used [0x00000000dc480000,0x00000000dc480000,0x00000000dd180000)
  to   space 12288K, 0% used [0x00000000dd280000,0x00000000dd280000,0x00000000dde80000)
 ParOldGen       total 86016K, used 15207K [0x0000000080000000, 0x0000000085400000, 0x00000000d5580000)
  object space 86016K, 17% used [0x0000000080000000,0x0000000080ed9f40,0x0000000085400000)
 Metaspace       used 34317K, capacity 35392K, committed 35496K, reserved 1079296K
  class space    used 4823K, capacity 5094K, committed 5120K, reserved 1048576K
}
Event: 8.880 GC heap before
{Heap before GC invocations=10 (full 2):
 PSYoungGen      total 126976K, used 113664K [0x00000000d5580000, 0x00000000dde80000, 0x0000000100000000)
  eden space 113664K, 100% used [0x00000000d5580000,0x00000000dc480000,0x00000000dc480000)
  from space 13312K, 0% used [0x00000000dc480000,0x00000000dc480000,0x00000000dd180000)
  to   space 12288K, 0% used [0x00000000dd280000,0x00000000dd280000,0x00000000dde80000)
 ParOldGen       total 86016K, used 15207K [0x0000000080000000, 0x0000000085400000, 0x00000000d5580000)
  object space 86016K, 17% used [0x0000000080000000,0x0000000080ed9f40,0x0000000085400000)
 Metaspace       used 37735K, capacity 39516K, committed 39808K, reserved 1083392K
  class space    used 5313K, capacity 5692K, committed 5760K, reserved 1048576K
Event: 8.884 GC heap after
Heap after GC invocations=10 (full 2):
 PSYoungGen      total 125952K, used 6943K [0x00000000d5580000, 0x00000000dde80000, 0x0000000100000000)
  eden space 113664K, 0% used [0x00000000d5580000,0x00000000d5580000,0x00000000dc480000)
  from space 12288K, 56% used [0x00000000dd280000,0x00000000dd947ff8,0x00000000dde80000)
  to   space 13312K, 0% used [0x00000000dc480000,0x00000000dc480000,0x00000000dd180000)
 ParOldGen       total 86016K, used 15215K [0x0000000080000000, 0x0000000085400000, 0x00000000d5580000)
  object space 86016K, 17% used [0x0000000080000000,0x0000000080edbf40,0x0000000085400000)
 Metaspace       used 37735K, capacity 39516K, committed 39808K, reserved 1083392K
  class space    used 5313K, capacity 5692K, committed 5760K, reserved 1048576K
}
Event: 10.022 GC heap before
{Heap before GC invocations=11 (full 2):
 PSYoungGen      total 125952K, used 120607K [0x00000000d5580000, 0x00000000dde80000, 0x0000000100000000)
  eden space 113664K, 100% used [0x00000000d5580000,0x00000000dc480000,0x00000000dc480000)
  from space 12288K, 56% used [0x00000000dd280000,0x00000000dd947ff8,0x00000000dde80000)
  to   space 13312K, 0% used [0x00000000dc480000,0x00000000dc480000,0x00000000dd180000)
 ParOldGen       total 86016K, used 15215K [0x0000000080000000, 0x0000000085400000, 0x00000000d5580000)
  object space 86016K, 17% used [0x0000000080000000,0x0000000080edbf40,0x0000000085400000)
 Metaspace       used 48217K, capacity 50384K, committed 50688K, reserved 1093632K
  class space    used 6637K, capacity 7095K, committed 7168K, reserved 1048576K
Event: 10.032 GC heap after
Heap after GC invocations=11 (full 2):
 PSYoungGen      total 126976K, used 13281K [0x00000000d5580000, 0x00000000dde80000, 0x0000000100000000)
  eden space 113664K, 0% used [0x00000000d5580000,0x00000000d5580000,0x00000000dc480000)
  from space 13312K, 99% used [0x00000000dc480000,0x00000000dd178648,0x00000000dd180000)
  to   space 12288K, 0% used [0x00000000dd280000,0x00000000dd280000,0x00000000dde80000)
 ParOldGen       total 86016K, used 17784K [0x0000000080000000, 0x0000000085400000, 0x00000000d5580000)
  object space 86016K, 20% used [0x0000000080000000,0x000000008115e010,0x0000000085400000)
 Metaspace       used 48217K, capacity 50384K, committed 50688K, reserved 1093632K
  class space    used 6637K, capacity 7095K, committed 7168K, reserved 1048576K
}

Deoptimization events (10 events):
Event: 10.449 Thread 0x0000020f4b048800 Uncommon trap: reason=class_check action=maybe_recompile pc=0x0000020f33196ed4 method=java.lang.Throwable.<init>(Ljava/lang/String;Ljava/lang/Throwable;)V @ 24
Event: 10.450 Thread 0x0000020f4b048800 Uncommon trap: reason=unstable_if action=reinterpret pc=0x0000020f32f200bc method=org.gradle.internal.logging.text.AbstractLineChoppingStyledTextOutput$2.execute(Lorg/gradle/internal/logging/text/AbstractLineChoppingStyledTextOutput$StateContext;)V @ 30
Event: 10.450 Thread 0x0000020f4b048800 Uncommon trap: reason=unstable_if action=reinterpret pc=0x0000020f32ebf754 method=org.gradle.internal.logging.text.AbstractLineChoppingStyledTextOutput$2.execute(Lorg/gradle/internal/logging/text/AbstractLineChoppingStyledTextOutput$StateContext;)V @ 30
Event: 10.583 Thread 0x0000020f4b048800 Uncommon trap: reason=unstable_if action=reinterpret pc=0x0000020f3389b22c method=org.objectweb.asm.ByteVector.putInt(I)Lorg/objectweb/asm/ByteVector; @ 13
Event: 10.642 Thread 0x0000020f4b048800 Uncommon trap: reason=bimorphic action=maybe_recompile pc=0x0000020f33a6384c method=groovy.lang.MetaClassImpl.filterPropertyMethod(Ljava/lang/Object;ZZ)Ljava/lang/Object; @ 165
Event: 10.660 Thread 0x0000020f4b048800 Uncommon trap: reason=unstable_if action=reinterpret pc=0x0000020f337d5e3c method=groovy.lang.MetaClassImpl.checkIfStdMethod(Lgroovy/lang/MetaMethod;)V @ 167
Event: 10.669 Thread 0x0000020f4b048800 Uncommon trap: reason=unstable_if action=reinterpret pc=0x0000020f33a63884 method=groovy.lang.MetaClassImpl.filterPropertyMethod(Ljava/lang/Object;ZZ)Ljava/lang/Object; @ 60
Event: 10.720 Thread 0x0000020f4b048800 Uncommon trap: reason=class_check action=maybe_recompile pc=0x0000020f3364d058 method=java.util.regex.Matcher.search(I)Z @ 86
Event: 10.726 Thread 0x0000020f4b048800 Uncommon trap: reason=class_check action=maybe_recompile pc=0x0000020f3364d058 method=java.util.regex.Matcher.search(I)Z @ 86
Event: 10.791 Thread 0x0000020f4b048800 Uncommon trap: reason=predicate action=maybe_recompile pc=0x0000020f33b1aac0 method=java.util.AbstractCollection.toArray([Ljava/lang/Object;)[Ljava/lang/Object; @ 49

Classes redefined (0 events):
No events

Internal exceptions (10 events):
Event: 10.772 Thread 0x0000020f4b048800 Exception <a 'java/lang/ClassNotFoundException': org/gradle/api/internal/file/CompositeFileTreeCustomizer> (0x00000000db408de0) thrown at [C:\jenkins\workspace\8-2-build-windows-amd64-cygwin\jdk8u271\605\hotspot\src\share\vm\classfile\systemDictionary.cpp
Event: 10.773 Thread 0x0000020f4b048800 Exception <a 'java/lang/ClassNotFoundException': org/gradle/api/internal/file/collections/DefaultConfigurableFileTreeCustomizer> (0x00000000db46dff8) thrown at [C:\jenkins\workspace\8-2-build-windows-amd64-cygwin\jdk8u271\605\hotspot\src\share\vm\classfil
Event: 10.789 Thread 0x0000020f4b048800 Exception <a 'java/lang/ClassNotFoundException': org/gradle/invocation/DefaultGradle_DecoratedBeanInfo> (0x00000000db642310) thrown at [C:\jenkins\workspace\8-2-build-windows-amd64-cygwin\jdk8u271\605\hotspot\src\share\vm\classfile\systemDictionary.cpp, l
Event: 10.789 Thread 0x0000020f4b048800 Exception <a 'java/lang/ClassNotFoundException': org/gradle/invocation/DefaultGradleBeanInfo> (0x00000000db67d868) thrown at [C:\jenkins\workspace\8-2-build-windows-amd64-cygwin\jdk8u271\605\hotspot\src\share\vm\classfile\systemDictionary.cpp, line 212]
Event: 10.790 Thread 0x0000020f4b048800 Exception <a 'java/lang/ClassNotFoundException': org/gradle/invocation/DefaultGradleCustomizer> (0x00000000db6b9f80) thrown at [C:\jenkins\workspace\8-2-build-windows-amd64-cygwin\jdk8u271\605\hotspot\src\share\vm\classfile\systemDictionary.cpp, line 212]
Event: 10.792 Thread 0x0000020f4b048800 Exception <a 'java/lang/ClassNotFoundException': org/gradle/invocation/DefaultGradle_DecoratedCustomizer> (0x00000000db745b70) thrown at [C:\jenkins\workspace\8-2-build-windows-amd64-cygwin\jdk8u271\605\hotspot\src\share\vm\classfile\systemDictionary.cpp,
Event: 10.807 Thread 0x0000020f4b048800 Exception <a 'java/lang/ClassNotFoundException': org/gradle/execution/taskgraph/DefaultTaskExecutionGraphBeanInfo> (0x00000000db8f3de0) thrown at [C:\jenkins\workspace\8-2-build-windows-amd64-cygwin\jdk8u271\605\hotspot\src\share\vm\classfile\systemDictio
Event: 10.807 Thread 0x0000020f4b048800 Exception <a 'java/lang/ClassNotFoundException': org/gradle/execution/taskgraph/DefaultTaskExecutionGraphCustomizer> (0x00000000db93ef98) thrown at [C:\jenkins\workspace\8-2-build-windows-amd64-cygwin\jdk8u271\605\hotspot\src\share\vm\classfile\systemDict
Event: 10.811 Thread 0x0000020f4b048800 Exception <a 'java/lang/ClassNotFoundException': org/gradle/configuration/internal/DefaultListenerBuildOperationDecorator$BuildOperationEmittingClosureBeanInfo> (0x00000000dba08a08) thrown at [C:\jenkins\workspace\8-2-build-windows-amd64-cygwin\jdk8u271\6
Event: 10.813 Thread 0x0000020f4b048800 Exception <a 'java/lang/ClassNotFoundException': org/gradle/configuration/internal/DefaultListenerBuildOperationDecorator$BuildOperationEmittingClosureCustomizer> (0x00000000dba7bab8) thrown at [C:\jenkins\workspace\8-2-build-windows-amd64-cygwin\jdk8u271

Events (10 events):
Event: 11.073 loading class com/android/build/gradle/internal/core/VariantDslInfoImpl$directorySegments$2
Event: 11.073 loading class com/android/build/gradle/internal/core/VariantDslInfoImpl$directorySegments$2 done
Event: 11.073 loading class com/android/build/api/variant/impl/ApplicationVariantImpl
Event: 11.073 loading class com/android/build/api/variant/impl/ApplicationVariantImpl done
Event: 11.074 loading class com/android/build/api/variant/impl/VariantImpl
Event: 11.074 loading class com/android/build/api/variant/impl/VariantImpl done
Event: 11.074 loading class com/android/build/api/variant/impl/DelayedActionExecutor
Event: 11.074 loading class com/android/build/api/variant/impl/DelayedActionExecutor done
Event: 11.076 Executing VM operation: CollectForMetadataAllocation
Event: 11.076 Executing VM operation: CollectForMetadataAllocation done


Dynamic libraries:
0x00007ff66c130000 - 0x00007ff66c177000 	C:\Program Files\Java\jdk1.8.0_271\bin\java.exe
0x00007ffce7b50000 - 0x00007ffce7d45000 	C:\Windows\SYSTEM32\ntdll.dll
0x00007ffce71d0000 - 0x00007ffce728e000 	C:\Windows\System32\KERNEL32.DLL
0x00007ffce5270000 - 0x00007ffce5539000 	C:\Windows\System32\KERNELBASE.dll
0x00007ffce62e0000 - 0x00007ffce638c000 	C:\Windows\System32\ADVAPI32.dll
0x00007ffce75f0000 - 0x00007ffce768e000 	C:\Windows\System32\msvcrt.dll
0x00007ffce6a20000 - 0x00007ffce6abb000 	C:\Windows\System32\sechost.dll
0x00007ffce6750000 - 0x00007ffce687a000 	C:\Windows\System32\RPCRT4.dll
0x00007ffce7440000 - 0x00007ffce75e1000 	C:\Windows\System32\USER32.dll
0x00007ffce5650000 - 0x00007ffce5672000 	C:\Windows\System32\win32u.dll
0x00007ffce65a0000 - 0x00007ffce65cb000 	C:\Windows\System32\GDI32.dll
0x00007ffce5540000 - 0x00007ffce564b000 	C:\Windows\System32\gdi32full.dll
0x00007ffce5ab0000 - 0x00007ffce5b4d000 	C:\Windows\System32\msvcp_win.dll
0x00007ffce56e0000 - 0x00007ffce57e0000 	C:\Windows\System32\ucrtbase.dll
0x00007ffc8ec90000 - 0x00007ffc8ef2a000 	C:\Windows\WinSxS\amd64_microsoft.windows.common-controls_6595b64144ccf1df_6.0.19041.1110_none_60b5254171f9507e\COMCTL32.dll
0x00007ffce6700000 - 0x00007ffce6730000 	C:\Windows\System32\IMM32.DLL
0x00007ffc898d0000 - 0x00007ffc89a06000 	C:\Program Files (x86)\Citrix\ICA Client\epclient64.dll
0x00007ffce5890000 - 0x00007ffce58b7000 	C:\Windows\System32\bcrypt.dll
0x00007ffcde880000 - 0x00007ffcde88a000 	C:\Windows\SYSTEM32\VERSION.dll
0x00007ffce3f60000 - 0x00007ffce3f93000 	C:\Windows\SYSTEM32\ntmarta.dll
0x00007ffcda190000 - 0x00007ffcda1a5000 	C:\Program Files\Java\jdk1.8.0_271\jre\bin\vcruntime140.dll
0x00007ffcda0f0000 - 0x00007ffcda18b000 	C:\Program Files\Java\jdk1.8.0_271\jre\bin\msvcp140.dll
0x00000000512b0000 - 0x0000000051b1f000 	C:\Program Files\Java\jdk1.8.0_271\jre\bin\server\jvm.dll
0x00007ffce6a10000 - 0x00007ffce6a18000 	C:\Windows\System32\PSAPI.DLL
0x00007ffcdd0f0000 - 0x00007ffcdd0f9000 	C:\Windows\SYSTEM32\WSOCK32.dll
0x00007ffce69a0000 - 0x00007ffce6a0b000 	C:\Windows\System32\WS2_32.dll
0x00007ffcdece0000 - 0x00007ffcded07000 	C:\Windows\SYSTEM32\WINMM.dll
0x00007ffce3b20000 - 0x00007ffce3b32000 	C:\Windows\SYSTEM32\kernel.appcore.dll
0x00007ffce1230000 - 0x00007ffce1240000 	C:\Program Files\Java\jdk1.8.0_271\jre\bin\verify.dll
0x00007ffcd5bc0000 - 0x00007ffcd5beb000 	C:\Program Files\Java\jdk1.8.0_271\jre\bin\java.dll
0x00007ffcd0d60000 - 0x00007ffcd0d78000 	C:\Program Files\Java\jdk1.8.0_271\jre\bin\zip.dll
0x00007ffce5ba0000 - 0x00007ffce62df000 	C:\Windows\System32\SHELL32.dll
0x00007ffce23e0000 - 0x00007ffce2b70000 	C:\Windows\SYSTEM32\windows.storage.dll
0x00007ffce6c80000 - 0x00007ffce6fd5000 	C:\Windows\System32\combase.dll
0x00007ffce4cc0000 - 0x00007ffce4cec000 	C:\Windows\SYSTEM32\Wldp.dll
0x0000020f490e0000 - 0x0000020f4918d000 	C:\Windows\System32\SHCORE.dll
0x00007ffce6c20000 - 0x00007ffce6c75000 	C:\Windows\System32\shlwapi.dll
0x00007ffce51b0000 - 0x00007ffce51cf000 	C:\Windows\SYSTEM32\profapi.dll
0x00007ffcd0cf0000 - 0x00007ffcd0d0c000 	C:\Program Files\Java\jdk1.8.0_271\jre\bin\net.dll
0x00007ffce4a20000 - 0x00007ffce4a8a000 	C:\Windows\system32\mswsock.dll
0x00007ffcd0cd0000 - 0x00007ffcd0ce3000 	C:\Program Files\Java\jdk1.8.0_271\jre\bin\nio.dll
0x00007ffcd0620000 - 0x00007ffcd0647000 	C:\Users\mongk\.gradle\native\f6784746aeab05261644944871eae4fe03e0ef1612fff0a4a95f87b438bc6780\windows-amd64\native-platform.dll
0x00007ffce0750000 - 0x00007ffce075d000 	C:\Program Files\Java\jdk1.8.0_271\jre\bin\management.dll
0x00007ffce4c10000 - 0x00007ffce4c28000 	C:\Windows\SYSTEM32\CRYPTSP.dll
0x00007ffce4330000 - 0x00007ffce4364000 	C:\Windows\system32\rsaenh.dll
0x00007ffce5130000 - 0x00007ffce515e000 	C:\Windows\SYSTEM32\USERENV.dll
0x00007ffce58c0000 - 0x00007ffce5943000 	C:\Windows\System32\bcryptprimitives.dll
0x00007ffce4c30000 - 0x00007ffce4c3c000 	C:\Windows\SYSTEM32\CRYPTBASE.dll
0x00007ffce46c0000 - 0x00007ffce46fb000 	C:\Windows\SYSTEM32\IPHLPAPI.DLL
0x00007ffce7090000 - 0x00007ffce7098000 	C:\Windows\System32\NSI.dll
0x00007ffcdc530000 - 0x00007ffcdc547000 	C:\Windows\SYSTEM32\dhcpcsvc6.DLL
0x00007ffcdc9b0000 - 0x00007ffcdc9cd000 	C:\Windows\SYSTEM32\dhcpcsvc.DLL
0x00007ffce4700000 - 0x00007ffce47cc000 	C:\Windows\SYSTEM32\DNSAPI.dll
0x00007ffcddf50000 - 0x00007ffcddf5b000 	C:\Windows\SYSTEM32\WINNSI.DLL
0x00007ffce3650000 - 0x00007ffce3834000 	C:\Windows\SYSTEM32\dbghelp.dll

VM Arguments:
jvm_args: -Xmx2048m -Dfile.encoding=x-windows-874 -Duser.country=US -Duser.language=en -Duser.variant 
java_command: org.gradle.launcher.daemon.bootstrap.GradleDaemon 6.5
java_class_path (initial): C:\Users\mongk\.gradle\wrapper\dists\gradle-6.5-all\2oz4ud9k3tuxjg84bbf55q0tn\gradle-6.5\lib\gradle-launcher-6.5.jar
Launcher Type: SUN_STANDARD

Environment Variables:
JAVA_HOME=C:\Program Files\Java\jdk1.8.0_271
USERNAME=mongk
OS=Windows_NT
PROCESSOR_IDENTIFIER=Intel64 Family 6 Model 158 Stepping 10, GenuineIntel



---------------  S Y S T E M  ---------------

OS: Windows 10.0 , 64 bit Build 19041 (10.0.19041.1202)

CPU:total 8 (initial active 8) (4 cores per cpu, 2 threads per core) family 6 model 158 stepping 10, cmov, cx8, fxsr, mmx, sse, sse2, sse3, ssse3, sse4.1, sse4.2, popcnt, avx, avx2, aes, clmul, erms, 3dnowpref, lzcnt, ht, tsc, tscinvbit, bmi1, bmi2, adx

Memory: 4k page, physical 16615732k(3029724k free), swap 66947380k(9336k free)

vm_info: Java HotSpot(TM) 64-Bit Server VM (25.271-b09) for windows-amd64 JRE (1.8.0_271-b09), built on Sep 16 2020 19:14:59 by "" with MS VC++ 15.9 (VS2017)

time: Tue Nov  9 17:16:38 2021
timezone: SE Asia Standard Time
elapsed time: 11.164629 seconds (0d 0h 0m 11s)

